<?xml version="1.0" encoding="UTF-8"?>
<testng-results ignored="0" total="6" passed="5" failed="0" skipped="1">
  <reporter-output>
  </reporter-output>
  <suite started-at="2021-10-13T09:44:13Z" name="Suite" finished-at="2021-10-13T09:45:37Z" duration-ms="83693">
    <groups>
    </groups>
    <test started-at="2021-10-13T09:44:13Z" name="Test1" finished-at="2021-10-13T09:44:14Z" duration-ms="136">
      <class name="appTest.AppTest">
        <test-method signature="loginTest()[pri:0, instance:appTest.AppTest@45d2ade3]" started-at="2021-10-13T09:44:14Z" name="loginTest" description="Login with valid details" finished-at="2021-10-13T09:44:14Z" duration-ms="70" status="PASS">
          <reporter-output>
          </reporter-output>
        </test-method> <!-- loginTest -->
        <test-method signature="loginTestWithInvalid()[pri:0, instance:appTest.AppTest@45d2ade3]" started-at="2021-10-13T09:44:14Z" name="loginTestWithInvalid" description="Login with invalid details" finished-at="2021-10-13T09:44:14Z" duration-ms="1" status="PASS">
          <reporter-output>
          </reporter-output>
        </test-method> <!-- loginTestWithInvalid -->
      </class> <!-- appTest.AppTest -->
    </test> <!-- Test1 -->
    <test started-at="2021-10-13T09:44:15Z" name="Test2" finished-at="2021-10-13T09:44:15Z" duration-ms="3">
      <class name="appTest.NumberComparison">
        <test-method signature="intComparison()[pri:0, instance:appTest.NumberComparison@5965be2d]" started-at="2021-10-13T09:44:15Z" name="intComparison" finished-at="2021-10-13T09:44:15Z" duration-ms="0" status="PASS">
          <reporter-output>
          </reporter-output>
        </test-method> <!-- intComparison -->
      </class> <!-- appTest.NumberComparison -->
    </test> <!-- Test2 -->
    <test started-at="2021-10-13T09:44:15Z" name="Test3" finished-at="2021-10-13T09:45:37Z" duration-ms="82261">
      <class name="appTest.SeleniumDev">
        <test-method is-config="true" signature="beforeTest()[pri:0, instance:appTest.SeleniumDev@436c81a3]" started-at="2021-10-13T09:44:15Z" name="beforeTest" finished-at="2021-10-13T09:45:36Z" duration-ms="81570" status="FAIL">
          <exception class="org.openqa.selenium.WebDriverException">
            <message>
              <![CDATA[unknown error: DevToolsActivePort file doesn't exist
Build info: version: '3.141.59', revision: 'e82be7d358', time: '2018-11-14T08:17:03'
System info: host: 'DESKTOP-2VN6A15', ip: '192.168.0.102', os.name: 'Windows 10', os.arch: 'amd64', os.version: '10.0', java.version: '16.0.1'
Driver info: driver.version: ChromeDriver
remote stacktrace: Backtrace:
Ordinal0 [0x00FAD403+2479107]
Ordinal0 [0x00F47D51+2063697]
Ordinal0 [0x00E520C8+1056968]
Ordinal0 [0x00E6F7B2+1177522]
Ordinal0 [0x00E6C139+1163577]
Ordinal0 [0x00E69B7F+1153919]
Ordinal0 [0x00E99CBF+1350847]
Ordinal0 [0x00E9992A+1349930]
Ordinal0 [0x00E9583B+1333307]
Ordinal0 [0x00E71F94+1187732]
Ordinal0 [0x00E72DE9+1191401]
GetHandleVerifier [0x0112F3F6+1531734]
GetHandleVerifier [0x011DE9AE+2249998]
GetHandleVerifier [0x010339AB+501003]
GetHandleVerifier [0x01032A29+497033]
Ordinal0 [0x00F4D11D+2085149]
Ordinal0 [0x00F511C8+2101704]
Ordinal0 [0x00F51302+2102018]
Ordinal0 [0x00F5AA71+2140785]
BaseThreadInitThunk [0x760CFA29+25]
RtlGetAppContainerNamedObjectPath [0x77BE7A9E+286]
RtlGetAppContainerNamedObjectPath [0x77BE7A6E+238]
]]>
            </message>
            <full-stacktrace>
              <![CDATA[org.openqa.selenium.WebDriverException: unknown error: DevToolsActivePort file doesn't exist
Build info: version: '3.141.59', revision: 'e82be7d358', time: '2018-11-14T08:17:03'
System info: host: 'DESKTOP-2VN6A15', ip: '192.168.0.102', os.name: 'Windows 10', os.arch: 'amd64', os.version: '10.0', java.version: '16.0.1'
Driver info: driver.version: ChromeDriver
remote stacktrace: Backtrace:
Ordinal0 [0x00FAD403+2479107]
Ordinal0 [0x00F47D51+2063697]
Ordinal0 [0x00E520C8+1056968]
Ordinal0 [0x00E6F7B2+1177522]
Ordinal0 [0x00E6C139+1163577]
Ordinal0 [0x00E69B7F+1153919]
Ordinal0 [0x00E99CBF+1350847]
Ordinal0 [0x00E9992A+1349930]
Ordinal0 [0x00E9583B+1333307]
Ordinal0 [0x00E71F94+1187732]
Ordinal0 [0x00E72DE9+1191401]
GetHandleVerifier [0x0112F3F6+1531734]
GetHandleVerifier [0x011DE9AE+2249998]
GetHandleVerifier [0x010339AB+501003]
GetHandleVerifier [0x01032A29+497033]
Ordinal0 [0x00F4D11D+2085149]
Ordinal0 [0x00F511C8+2101704]
Ordinal0 [0x00F51302+2102018]
Ordinal0 [0x00F5AA71+2140785]
BaseThreadInitThunk [0x760CFA29+25]
RtlGetAppContainerNamedObjectPath [0x77BE7A9E+286]
RtlGetAppContainerNamedObjectPath [0x77BE7A6E+238]

at java.base/jdk.internal.reflect.NativeConstructorAccessorImpl.newInstance0(Native Method)
at java.base/jdk.internal.reflect.NativeConstructorAccessorImpl.newInstance(NativeConstructorAccessorImpl.java:78)
at java.base/jdk.internal.reflect.DelegatingConstructorAccessorImpl.newInstance(DelegatingConstructorAccessorImpl.java:45)
at java.base/java.lang.reflect.Constructor.newInstanceWithCaller(Constructor.java:499)
at java.base/java.lang.reflect.Constructor.newInstance(Constructor.java:480)
at org.openqa.selenium.remote.W3CHandshakeResponse.lambda$errorHandler$0(W3CHandshakeResponse.java:62)
at org.openqa.selenium.remote.HandshakeResponse.lambda$getResponseFunction$0(HandshakeResponse.java:30)
at org.openqa.selenium.remote.ProtocolHandshake.lambda$createSession$0(ProtocolHandshake.java:126)
at java.base/java.util.stream.ReferencePipeline$3$1.accept(ReferencePipeline.java:197)
at java.base/java.util.Spliterators$ArraySpliterator.tryAdvance(Spliterators.java:958)
at java.base/java.util.stream.ReferencePipeline.forEachWithCancel(ReferencePipeline.java:129)
at java.base/java.util.stream.AbstractPipeline.copyIntoWithCancel(AbstractPipeline.java:502)
at java.base/java.util.stream.AbstractPipeline.copyInto(AbstractPipeline.java:488)
at java.base/java.util.stream.AbstractPipeline.wrapAndCopyInto(AbstractPipeline.java:474)
at java.base/java.util.stream.FindOps$FindOp.evaluateSequential(FindOps.java:150)
at java.base/java.util.stream.AbstractPipeline.evaluate(AbstractPipeline.java:234)
at java.base/java.util.stream.ReferencePipeline.findFirst(ReferencePipeline.java:647)
at org.openqa.selenium.remote.ProtocolHandshake.createSession(ProtocolHandshake.java:128)
at org.openqa.selenium.remote.ProtocolHandshake.createSession(ProtocolHandshake.java:74)
at org.openqa.selenium.remote.HttpCommandExecutor.execute(HttpCommandExecutor.java:136)
at org.openqa.selenium.remote.service.DriverCommandExecutor.execute(DriverCommandExecutor.java:83)
at org.openqa.selenium.remote.RemoteWebDriver.execute(RemoteWebDriver.java:552)
at org.openqa.selenium.remote.RemoteWebDriver.startSession(RemoteWebDriver.java:213)
at org.openqa.selenium.remote.RemoteWebDriver.<init>(RemoteWebDriver.java:131)
at org.openqa.selenium.chrome.ChromeDriver.<init>(ChromeDriver.java:181)
at org.openqa.selenium.chrome.ChromeDriver.<init>(ChromeDriver.java:168)
at org.openqa.selenium.chrome.ChromeDriver.<init>(ChromeDriver.java:123)
at appTest.SeleniumDev.beforeTest(SeleniumDev.java:22)
at java.base/jdk.internal.reflect.NativeMethodAccessorImpl.invoke0(Native Method)
at java.base/jdk.internal.reflect.NativeMethodAccessorImpl.invoke(NativeMethodAccessorImpl.java:78)
at java.base/jdk.internal.reflect.DelegatingMethodAccessorImpl.invoke(DelegatingMethodAccessorImpl.java:43)
at java.base/java.lang.reflect.Method.invoke(Method.java:567)
at org.testng.internal.MethodInvocationHelper.invokeMethod(MethodInvocationHelper.java:124)
at org.testng.internal.MethodInvocationHelper.invokeMethodConsideringTimeout(MethodInvocationHelper.java:59)
at org.testng.internal.Invoker.invokeConfigurationMethod(Invoker.java:458)
at org.testng.internal.Invoker.invokeConfigurations(Invoker.java:222)
at org.testng.internal.Invoker.invokeConfigurations(Invoker.java:142)
at org.testng.TestRunner.beforeRun(TestRunner.java:529)
at org.testng.TestRunner.run(TestRunner.java:497)
at org.testng.SuiteRunner.runTest(SuiteRunner.java:455)
at org.testng.SuiteRunner.runSequentially(SuiteRunner.java:450)
at org.testng.SuiteRunner.privateRun(SuiteRunner.java:415)
at org.testng.SuiteRunner.run(SuiteRunner.java:364)
at org.testng.SuiteRunnerWorker.runSuite(SuiteRunnerWorker.java:52)
at org.testng.SuiteRunnerWorker.run(SuiteRunnerWorker.java:84)
at org.testng.TestNG.runSuitesSequentially(TestNG.java:1208)
at org.testng.TestNG.runSuitesLocally(TestNG.java:1137)
at org.testng.TestNG.runSuites(TestNG.java:1049)
at org.testng.TestNG.run(TestNG.java:1017)
at org.apache.maven.surefire.testng.TestNGExecutor.run(TestNGExecutor.java:284)
at org.apache.maven.surefire.testng.TestNGXmlTestSuite.execute(TestNGXmlTestSuite.java:75)
at org.apache.maven.surefire.testng.TestNGProvider.invoke(TestNGProvider.java:119)
at org.apache.maven.surefire.booter.ForkedBooter.runSuitesInProcess(ForkedBooter.java:428)
at org.apache.maven.surefire.booter.ForkedBooter.execute(ForkedBooter.java:162)
at org.apache.maven.surefire.booter.ForkedBooter.run(ForkedBooter.java:562)
at org.apache.maven.surefire.booter.ForkedBooter.main(ForkedBooter.java:548)
]]>
            </full-stacktrace>
          </exception> <!-- org.openqa.selenium.WebDriverException -->
          <reporter-output>
          </reporter-output>
        </test-method> <!-- beforeTest -->
        <test-method signature="titleTest()[pri:0, instance:appTest.SeleniumDev@436c81a3]" started-at="2021-10-13T09:45:37Z" name="titleTest" finished-at="2021-10-13T09:45:37Z" duration-ms="0" status="SKIP">
          <exception class="org.openqa.selenium.WebDriverException">
            <message>
              <![CDATA[unknown error: DevToolsActivePort file doesn't exist
Build info: version: '3.141.59', revision: 'e82be7d358', time: '2018-11-14T08:17:03'
System info: host: 'DESKTOP-2VN6A15', ip: '192.168.0.102', os.name: 'Windows 10', os.arch: 'amd64', os.version: '10.0', java.version: '16.0.1'
Driver info: driver.version: ChromeDriver
remote stacktrace: Backtrace:
Ordinal0 [0x00FAD403+2479107]
Ordinal0 [0x00F47D51+2063697]
Ordinal0 [0x00E520C8+1056968]
Ordinal0 [0x00E6F7B2+1177522]
Ordinal0 [0x00E6C139+1163577]
Ordinal0 [0x00E69B7F+1153919]
Ordinal0 [0x00E99CBF+1350847]
Ordinal0 [0x00E9992A+1349930]
Ordinal0 [0x00E9583B+1333307]
Ordinal0 [0x00E71F94+1187732]
Ordinal0 [0x00E72DE9+1191401]
GetHandleVerifier [0x0112F3F6+1531734]
GetHandleVerifier [0x011DE9AE+2249998]
GetHandleVerifier [0x010339AB+501003]
GetHandleVerifier [0x01032A29+497033]
Ordinal0 [0x00F4D11D+2085149]
Ordinal0 [0x00F511C8+2101704]
Ordinal0 [0x00F51302+2102018]
Ordinal0 [0x00F5AA71+2140785]
BaseThreadInitThunk [0x760CFA29+25]
RtlGetAppContainerNamedObjectPath [0x77BE7A9E+286]
RtlGetAppContainerNamedObjectPath [0x77BE7A6E+238]
]]>
            </message>
            <full-stacktrace>
              <![CDATA[org.openqa.selenium.WebDriverException: unknown error: DevToolsActivePort file doesn't exist
Build info: version: '3.141.59', revision: 'e82be7d358', time: '2018-11-14T08:17:03'
System info: host: 'DESKTOP-2VN6A15', ip: '192.168.0.102', os.name: 'Windows 10', os.arch: 'amd64', os.version: '10.0', java.version: '16.0.1'
Driver info: driver.version: ChromeDriver
remote stacktrace: Backtrace:
Ordinal0 [0x00FAD403+2479107]
Ordinal0 [0x00F47D51+2063697]
Ordinal0 [0x00E520C8+1056968]
Ordinal0 [0x00E6F7B2+1177522]
Ordinal0 [0x00E6C139+1163577]
Ordinal0 [0x00E69B7F+1153919]
Ordinal0 [0x00E99CBF+1350847]
Ordinal0 [0x00E9992A+1349930]
Ordinal0 [0x00E9583B+1333307]
Ordinal0 [0x00E71F94+1187732]
Ordinal0 [0x00E72DE9+1191401]
GetHandleVerifier [0x0112F3F6+1531734]
GetHandleVerifier [0x011DE9AE+2249998]
GetHandleVerifier [0x010339AB+501003]
GetHandleVerifier [0x01032A29+497033]
Ordinal0 [0x00F4D11D+2085149]
Ordinal0 [0x00F511C8+2101704]
Ordinal0 [0x00F51302+2102018]
Ordinal0 [0x00F5AA71+2140785]
BaseThreadInitThunk [0x760CFA29+25]
RtlGetAppContainerNamedObjectPath [0x77BE7A9E+286]
RtlGetAppContainerNamedObjectPath [0x77BE7A6E+238]

at java.base/jdk.internal.reflect.NativeConstructorAccessorImpl.newInstance0(Native Method)
at java.base/jdk.internal.reflect.NativeConstructorAccessorImpl.newInstance(NativeConstructorAccessorImpl.java:78)
at java.base/jdk.internal.reflect.DelegatingConstructorAccessorImpl.newInstance(DelegatingConstructorAccessorImpl.java:45)
at java.base/java.lang.reflect.Constructor.newInstanceWithCaller(Constructor.java:499)
at java.base/java.lang.reflect.Constructor.newInstance(Constructor.java:480)
at org.openqa.selenium.remote.W3CHandshakeResponse.lambda$errorHandler$0(W3CHandshakeResponse.java:62)
at org.openqa.selenium.remote.HandshakeResponse.lambda$getResponseFunction$0(HandshakeResponse.java:30)
at org.openqa.selenium.remote.ProtocolHandshake.lambda$createSession$0(ProtocolHandshake.java:126)
at java.base/java.util.stream.ReferencePipeline$3$1.accept(ReferencePipeline.java:197)
at java.base/java.util.Spliterators$ArraySpliterator.tryAdvance(Spliterators.java:958)
at java.base/java.util.stream.ReferencePipeline.forEachWithCancel(ReferencePipeline.java:129)
at java.base/java.util.stream.AbstractPipeline.copyIntoWithCancel(AbstractPipeline.java:502)
at java.base/java.util.stream.AbstractPipeline.copyInto(AbstractPipeline.java:488)
at java.base/java.util.stream.AbstractPipeline.wrapAndCopyInto(AbstractPipeline.java:474)
at java.base/java.util.stream.FindOps$FindOp.evaluateSequential(FindOps.java:150)
at java.base/java.util.stream.AbstractPipeline.evaluate(AbstractPipeline.java:234)
at java.base/java.util.stream.ReferencePipeline.findFirst(ReferencePipeline.java:647)
at org.openqa.selenium.remote.ProtocolHandshake.createSession(ProtocolHandshake.java:128)
at org.openqa.selenium.remote.ProtocolHandshake.createSession(ProtocolHandshake.java:74)
at org.openqa.selenium.remote.HttpCommandExecutor.execute(HttpCommandExecutor.java:136)
at org.openqa.selenium.remote.service.DriverCommandExecutor.execute(DriverCommandExecutor.java:83)
at org.openqa.selenium.remote.RemoteWebDriver.execute(RemoteWebDriver.java:552)
at org.openqa.selenium.remote.RemoteWebDriver.startSession(RemoteWebDriver.java:213)
at org.openqa.selenium.remote.RemoteWebDriver.<init>(RemoteWebDriver.java:131)
at org.openqa.selenium.chrome.ChromeDriver.<init>(ChromeDriver.java:181)
at org.openqa.selenium.chrome.ChromeDriver.<init>(ChromeDriver.java:168)
at org.openqa.selenium.chrome.ChromeDriver.<init>(ChromeDriver.java:123)
at appTest.SeleniumDev.beforeTest(SeleniumDev.java:22)
at java.base/jdk.internal.reflect.NativeMethodAccessorImpl.invoke0(Native Method)
at java.base/jdk.internal.reflect.NativeMethodAccessorImpl.invoke(NativeMethodAccessorImpl.java:78)
at java.base/jdk.internal.reflect.DelegatingMethodAccessorImpl.invoke(DelegatingMethodAccessorImpl.java:43)
at java.base/java.lang.reflect.Method.invoke(Method.java:567)
at org.testng.internal.MethodInvocationHelper.invokeMethod(MethodInvocationHelper.java:124)
at org.testng.internal.MethodInvocationHelper.invokeMethodConsideringTimeout(MethodInvocationHelper.java:59)
at org.testng.internal.Invoker.invokeConfigurationMethod(Invoker.java:458)
at org.testng.internal.Invoker.invokeConfigurations(Invoker.java:222)
at org.testng.internal.Invoker.invokeConfigurations(Invoker.java:142)
at org.testng.TestRunner.beforeRun(TestRunner.java:529)
at org.testng.TestRunner.run(TestRunner.java:497)
at org.testng.SuiteRunner.runTest(SuiteRunner.java:455)
at org.testng.SuiteRunner.runSequentially(SuiteRunner.java:450)
at org.testng.SuiteRunner.privateRun(SuiteRunner.java:415)
at org.testng.SuiteRunner.run(SuiteRunner.java:364)
at org.testng.SuiteRunnerWorker.runSuite(SuiteRunnerWorker.java:52)
at org.testng.SuiteRunnerWorker.run(SuiteRunnerWorker.java:84)
at org.testng.TestNG.runSuitesSequentially(TestNG.java:1208)
at org.testng.TestNG.runSuitesLocally(TestNG.java:1137)
at org.testng.TestNG.runSuites(TestNG.java:1049)
at org.testng.TestNG.run(TestNG.java:1017)
at org.apache.maven.surefire.testng.TestNGExecutor.run(TestNGExecutor.java:284)
at org.apache.maven.surefire.testng.TestNGXmlTestSuite.execute(TestNGXmlTestSuite.java:75)
at org.apache.maven.surefire.testng.TestNGProvider.invoke(TestNGProvider.java:119)
at org.apache.maven.surefire.booter.ForkedBooter.runSuitesInProcess(ForkedBooter.java:428)
at org.apache.maven.surefire.booter.ForkedBooter.execute(ForkedBooter.java:162)
at org.apache.maven.surefire.booter.ForkedBooter.run(ForkedBooter.java:562)
at org.apache.maven.surefire.booter.ForkedBooter.main(ForkedBooter.java:548)
]]>
            </full-stacktrace>
          </exception> <!-- org.openqa.selenium.WebDriverException -->
          <reporter-output>
          </reporter-output>
        </test-method> <!-- titleTest -->
        <test-method is-config="true" signature="afterTest()[pri:0, instance:appTest.SeleniumDev@436c81a3]" started-at="2021-10-13T09:45:37Z" name="afterTest" finished-at="2021-10-13T09:45:37Z" duration-ms="0" status="SKIP">
          <reporter-output>
          </reporter-output>
        </test-method> <!-- afterTest -->
      </class> <!-- appTest.SeleniumDev -->
    </test> <!-- Test3 -->
  </suite> <!-- Suite -->
  <suite started-at="2021-10-13T09:45:38Z" name="Suite (0)" finished-at="2021-10-13T09:45:38Z" duration-ms="4">
    <groups>
    </groups>
    <test started-at="2021-10-13T09:45:38Z" name="Test" finished-at="2021-10-13T09:45:38Z" duration-ms="4">
      <class name="appTest.AppTest">
        <test-method signature="loginTest()[pri:0, instance:appTest.AppTest@20f5281c]" started-at="2021-10-13T09:45:38Z" name="loginTest" description="Login with valid details" finished-at="2021-10-13T09:45:38Z" duration-ms="1" status="PASS">
          <reporter-output>
          </reporter-output>
        </test-method> <!-- loginTest -->
        <test-method signature="loginTestWithInvalid()[pri:0, instance:appTest.AppTest@20f5281c]" started-at="2021-10-13T09:45:38Z" name="loginTestWithInvalid" description="Login with invalid details" finished-at="2021-10-13T09:45:38Z" duration-ms="2" status="PASS">
          <reporter-output>
          </reporter-output>
        </test-method> <!-- loginTestWithInvalid -->
      </class> <!-- appTest.AppTest -->
    </test> <!-- Test -->
  </suite> <!-- Suite (0) -->
</testng-results>
