<?xml version="1.0" encoding="UTF-8"?>
<testsuite xmlns:xsi="http://www.w3.org/2001/XMLSchema-instance" xsi:noNamespaceSchemaLocation="https://maven.apache.org/surefire/maven-surefire-plugin/xsd/surefire-test-report-3.0.xsd" version="3.0" name="TestSuite" time="103.516" tests="8" errors="0" skipped="2" failures="1">
  <properties>
    <property name="java.specification.version" value="16"/>
    <property name="webdriver.chrome.driver" value="src/test/resources/drivers/chromedriver.exe"/>
    <property name="sun.cpu.isalist" value="amd64"/>
    <property name="sun.jnu.encoding" value="Cp1252"/>
    <property name="java.class.path" value="C:\Users\ummar\Desktop\DevOps\target\test-classes;C:\Users\ummar\Desktop\DevOps\target\classes;C:\Users\ummar\.m2\repository\org\seleniumhq\selenium\selenium-java\3.141.59\selenium-java-3.141.59.jar;C:\Users\ummar\.m2\repository\org\seleniumhq\selenium\selenium-api\3.141.59\selenium-api-3.141.59.jar;C:\Users\ummar\.m2\repository\org\seleniumhq\selenium\selenium-chrome-driver\3.141.59\selenium-chrome-driver-3.141.59.jar;C:\Users\ummar\.m2\repository\org\seleniumhq\selenium\selenium-edge-driver\3.141.59\selenium-edge-driver-3.141.59.jar;C:\Users\ummar\.m2\repository\org\seleniumhq\selenium\selenium-firefox-driver\3.141.59\selenium-firefox-driver-3.141.59.jar;C:\Users\ummar\.m2\repository\org\seleniumhq\selenium\selenium-ie-driver\3.141.59\selenium-ie-driver-3.141.59.jar;C:\Users\ummar\.m2\repository\org\seleniumhq\selenium\selenium-opera-driver\3.141.59\selenium-opera-driver-3.141.59.jar;C:\Users\ummar\.m2\repository\org\seleniumhq\selenium\selenium-remote-driver\3.141.59\selenium-remote-driver-3.141.59.jar;C:\Users\ummar\.m2\repository\org\seleniumhq\selenium\selenium-safari-driver\3.141.59\selenium-safari-driver-3.141.59.jar;C:\Users\ummar\.m2\repository\org\seleniumhq\selenium\selenium-support\3.141.59\selenium-support-3.141.59.jar;C:\Users\ummar\.m2\repository\net\bytebuddy\byte-buddy\1.8.15\byte-buddy-1.8.15.jar;C:\Users\ummar\.m2\repository\org\apache\commons\commons-exec\1.3\commons-exec-1.3.jar;C:\Users\ummar\.m2\repository\com\google\guava\guava\25.0-jre\guava-25.0-jre.jar;C:\Users\ummar\.m2\repository\com\google\code\findbugs\jsr305\1.3.9\jsr305-1.3.9.jar;C:\Users\ummar\.m2\repository\org\checkerframework\checker-compat-qual\2.0.0\checker-compat-qual-2.0.0.jar;C:\Users\ummar\.m2\repository\com\google\errorprone\error_prone_annotations\2.1.3\error_prone_annotations-2.1.3.jar;C:\Users\ummar\.m2\repository\com\google\j2objc\j2objc-annotations\1.1\j2objc-annotations-1.1.jar;C:\Users\ummar\.m2\repository\org\codehaus\mojo\animal-sniffer-annotations\1.14\animal-sniffer-annotations-1.14.jar;C:\Users\ummar\.m2\repository\com\squareup\okhttp3\okhttp\3.11.0\okhttp-3.11.0.jar;C:\Users\ummar\.m2\repository\com\squareup\okio\okio\1.14.0\okio-1.14.0.jar;C:\Users\ummar\.m2\repository\org\testng\testng\6.14.3\testng-6.14.3.jar;C:\Users\ummar\.m2\repository\com\beust\jcommander\1.72\jcommander-1.72.jar;C:\Users\ummar\.m2\repository\org\apache-extras\beanshell\bsh\2.0b6\bsh-2.0b6.jar;"/>
    <property name="java.vm.vendor" value="Oracle Corporation"/>
    <property name="sun.arch.data.model" value="64"/>
    <property name="user.variant" value=""/>
    <property name="java.vendor.url" value="https://java.oracle.com/"/>
    <property name="user.timezone" value="Asia/Calcutta"/>
    <property name="os.name" value="Windows 10"/>
    <property name="java.vm.specification.version" value="16"/>
    <property name="sun.java.launcher" value="SUN_STANDARD"/>
    <property name="user.country" value="GB"/>
    <property name="sun.boot.library.path" value="C:\Users\ummar\Desktop\eclipse\plugins\org.eclipse.justj.openjdk.hotspot.jre.full.win32.x86_64_16.0.1.v20210528-1205\jre\bin"/>
    <property name="sun.java.command" value="C:\Users\ummar\AppData\Local\Temp\surefire5394211106820738097\surefirebooter17979996427827492496.jar C:\Users\ummar\AppData\Local\Temp\surefire5394211106820738097 2021-10-13T15-13-48_710-jvmRun1 surefire6573905550719136356tmp surefire_018284958026444818717tmp"/>
    <property name="jdk.debug" value="release"/>
    <property name="surefire.test.class.path" value="C:\Users\ummar\Desktop\DevOps\target\test-classes;C:\Users\ummar\Desktop\DevOps\target\classes;C:\Users\ummar\.m2\repository\org\seleniumhq\selenium\selenium-java\3.141.59\selenium-java-3.141.59.jar;C:\Users\ummar\.m2\repository\org\seleniumhq\selenium\selenium-api\3.141.59\selenium-api-3.141.59.jar;C:\Users\ummar\.m2\repository\org\seleniumhq\selenium\selenium-chrome-driver\3.141.59\selenium-chrome-driver-3.141.59.jar;C:\Users\ummar\.m2\repository\org\seleniumhq\selenium\selenium-edge-driver\3.141.59\selenium-edge-driver-3.141.59.jar;C:\Users\ummar\.m2\repository\org\seleniumhq\selenium\selenium-firefox-driver\3.141.59\selenium-firefox-driver-3.141.59.jar;C:\Users\ummar\.m2\repository\org\seleniumhq\selenium\selenium-ie-driver\3.141.59\selenium-ie-driver-3.141.59.jar;C:\Users\ummar\.m2\repository\org\seleniumhq\selenium\selenium-opera-driver\3.141.59\selenium-opera-driver-3.141.59.jar;C:\Users\ummar\.m2\repository\org\seleniumhq\selenium\selenium-remote-driver\3.141.59\selenium-remote-driver-3.141.59.jar;C:\Users\ummar\.m2\repository\org\seleniumhq\selenium\selenium-safari-driver\3.141.59\selenium-safari-driver-3.141.59.jar;C:\Users\ummar\.m2\repository\org\seleniumhq\selenium\selenium-support\3.141.59\selenium-support-3.141.59.jar;C:\Users\ummar\.m2\repository\net\bytebuddy\byte-buddy\1.8.15\byte-buddy-1.8.15.jar;C:\Users\ummar\.m2\repository\org\apache\commons\commons-exec\1.3\commons-exec-1.3.jar;C:\Users\ummar\.m2\repository\com\google\guava\guava\25.0-jre\guava-25.0-jre.jar;C:\Users\ummar\.m2\repository\com\google\code\findbugs\jsr305\1.3.9\jsr305-1.3.9.jar;C:\Users\ummar\.m2\repository\org\checkerframework\checker-compat-qual\2.0.0\checker-compat-qual-2.0.0.jar;C:\Users\ummar\.m2\repository\com\google\errorprone\error_prone_annotations\2.1.3\error_prone_annotations-2.1.3.jar;C:\Users\ummar\.m2\repository\com\google\j2objc\j2objc-annotations\1.1\j2objc-annotations-1.1.jar;C:\Users\ummar\.m2\repository\org\codehaus\mojo\animal-sniffer-annotations\1.14\animal-sniffer-annotations-1.14.jar;C:\Users\ummar\.m2\repository\com\squareup\okhttp3\okhttp\3.11.0\okhttp-3.11.0.jar;C:\Users\ummar\.m2\repository\com\squareup\okio\okio\1.14.0\okio-1.14.0.jar;C:\Users\ummar\.m2\repository\org\testng\testng\6.14.3\testng-6.14.3.jar;C:\Users\ummar\.m2\repository\com\beust\jcommander\1.72\jcommander-1.72.jar;C:\Users\ummar\.m2\repository\org\apache-extras\beanshell\bsh\2.0b6\bsh-2.0b6.jar;"/>
    <property name="sun.cpu.endian" value="little"/>
    <property name="user.home" value="C:\Users\ummar"/>
    <property name="user.language" value="en"/>
    <property name="java.specification.vendor" value="Oracle Corporation"/>
    <property name="java.version.date" value="2021-04-20"/>
    <property name="java.home" value="C:\Users\ummar\Desktop\eclipse\plugins\org.eclipse.justj.openjdk.hotspot.jre.full.win32.x86_64_16.0.1.v20210528-1205\jre"/>
    <property name="file.separator" value="\"/>
    <property name="basedir" value="C:\Users\ummar\Desktop\DevOps"/>
    <property name="java.vm.compressedOopsMode" value="32-bit"/>
    <property name="line.separator" value="&#10;"/>
    <property name="java.vm.specification.vendor" value="Oracle Corporation"/>
    <property name="java.specification.name" value="Java Platform API Specification"/>
    <property name="surefire.real.class.path" value="C:\Users\ummar\AppData\Local\Temp\surefire5394211106820738097\surefirebooter17979996427827492496.jar"/>
    <property name="user.script" value=""/>
    <property name="sun.management.compiler" value="HotSpot 64-Bit Tiered Compilers"/>
    <property name="java.runtime.version" value="16.0.1+9-24"/>
    <property name="user.name" value="ummar"/>
    <property name="path.separator" value=";"/>
    <property name="os.version" value="10.0"/>
    <property name="java.runtime.name" value="OpenJDK Runtime Environment"/>
    <property name="file.encoding" value="Cp1252"/>
    <property name="java.vm.name" value="OpenJDK 64-Bit Server VM"/>
    <property name="localRepository" value="C:\Users\ummar\.m2\repository"/>
    <property name="java.vendor.url.bug" value="https://bugreport.java.com/bugreport/"/>
    <property name="java.io.tmpdir" value="C:\Users\ummar\AppData\Local\Temp\"/>
    <property name="java.version" value="16.0.1"/>
    <property name="user.dir" value="C:\Users\ummar\Desktop\DevOps"/>
    <property name="os.arch" value="amd64"/>
    <property name="java.vm.specification.name" value="Java Virtual Machine Specification"/>
    <property name="sun.os.patch.level" value=""/>
    <property name="java.library.path" value="C:\Users\ummar\Desktop\eclipse\plugins\org.eclipse.justj.openjdk.hotspot.jre.full.win32.x86_64_16.0.1.v20210528-1205\jre\bin;C:\WINDOWS\Sun\Java\bin;C:\WINDOWS\system32;C:\WINDOWS;C:/Users/ummar/Desktop/eclipse//plugins/org.eclipse.justj.openjdk.hotspot.jre.full.win32.x86_64_16.0.1.v20210528-1205/jre/bin/server;C:/Users/ummar/Desktop/eclipse//plugins/org.eclipse.justj.openjdk.hotspot.jre.full.win32.x86_64_16.0.1.v20210528-1205/jre/bin;C:\Program Files\Common Files\Oracle\Java\javapath;C:\oraclexe\app\oracle\product\11.2.0\server\bin;C:\Program Files (x86)\Common Files\Oracle\Java\javapath;C:\WINDOWS\system32;C:\WINDOWS;C:\WINDOWS\System32\Wbem;C:\WINDOWS\System32\WindowsPowerShell\v1.0\;C:\WINDOWS\System32\OpenSSH\;C:\Program Files\nodejs\;C:\Program Files\Git\cmd;C:\apache-maven-3.8.3\bin;C:\Users\ummar\AppData\Local\Programs\Python\Python39\Scripts\;C:\Users\ummar\AppData\Local\Programs\Python\Python39\;C:\Users\ummar\AppData\Local\Programs\Python\Python38-32\Scripts\;C:\Users\ummar\AppData\Local\Programs\Python\Python38-32\;C:\Users\ummar\AppData\Local\Microsoft\WindowsApps;C:\Program Files\Java\jdk1.8.0_251\bin;C:\Users\ummar\AppData\Roaming\npm;C:\Users\ummar\Desktop\eclipse;;."/>
    <property name="java.vm.info" value="mixed mode"/>
    <property name="java.vendor" value="Oracle Corporation"/>
    <property name="java.vm.version" value="16.0.1+9-24"/>
    <property name="sun.io.unicode.encoding" value="UnicodeLittle"/>
    <property name="java.class.version" value="60.0"/>
  </properties>
  <testcase name="loginTest" classname="appTest.AppTest" time="0.06">
    <system-out><![CDATA[[TestNGContentHandler] [WARN] It is strongly recommended to add "<!DOCTYPE suite SYSTEM "http://testng.org/testng-1.0.dtd" >" at the top of your file, otherwise TestNG may fail or not work as expected.
[TestNGContentHandler] [WARN] It is strongly recommended to add "<!DOCTYPE suite SYSTEM "http://testng.org/testng-1.0.dtd" >" at the top of your file, otherwise TestNG may fail or not work as expected.
]]></system-out>
  </testcase>
  <testcase name="loginTest" classname="appTest.AppTest" time="0"/>
  <testcase name="loginTestWithInvalid" classname="appTest.AppTest" time="0"/>
  <testcase name="loginTestWithInvalid" classname="appTest.AppTest" time="0.002"/>
  <testcase name="intComparison" classname="appTest.NumberComparison" time="0.001"/>
  <testcase name="beforeTest" classname="appTest.SeleniumDev" time="82.82">
    <failure message="unknown error: DevToolsActivePort file doesn&apos;t exist&#10;Build info: version: &apos;3.141.59&apos;, revision: &apos;e82be7d358&apos;, time: &apos;2018-11-14T08:17:03&apos;&#10;System info: host: &apos;DESKTOP-2VN6A15&apos;, ip: &apos;192.168.0.102&apos;, os.name: &apos;Windows 10&apos;, os.arch: &apos;amd64&apos;, os.version: &apos;10.0&apos;, java.version: &apos;16.0.1&apos;&#10;Driver info: driver.version: ChromeDriver&#10;remote stacktrace: Backtrace:&#10;	Ordinal0 [0x00FAD403+2479107]&#10;	Ordinal0 [0x00F47D51+2063697]&#10;	Ordinal0 [0x00E520C8+1056968]&#10;	Ordinal0 [0x00E6F7B2+1177522]&#10;	Ordinal0 [0x00E6C139+1163577]&#10;	Ordinal0 [0x00E69B7F+1153919]&#10;	Ordinal0 [0x00E99CBF+1350847]&#10;	Ordinal0 [0x00E9992A+1349930]&#10;	Ordinal0 [0x00E9583B+1333307]&#10;	Ordinal0 [0x00E71F94+1187732]&#10;	Ordinal0 [0x00E72DE9+1191401]&#10;	GetHandleVerifier [0x0112F3F6+1531734]&#10;	GetHandleVerifier [0x011DE9AE+2249998]&#10;	GetHandleVerifier [0x010339AB+501003]&#10;	GetHandleVerifier [0x01032A29+497033]&#10;	Ordinal0 [0x00F4D11D+2085149]&#10;	Ordinal0 [0x00F511C8+2101704]&#10;	Ordinal0 [0x00F51302+2102018]&#10;	Ordinal0 [0x00F5AA71+2140785]&#10;	BaseThreadInitThunk [0x760CFA29+25]&#10;	RtlGetAppContainerNamedObjectPath [0x77BE7A9E+286]&#10;	RtlGetAppContainerNamedObjectPath [0x77BE7A6E+238]&#10;" type="org.openqa.selenium.WebDriverException"><![CDATA[org.openqa.selenium.WebDriverException: 
unknown error: DevToolsActivePort file doesn't exist
Build info: version: '3.141.59', revision: 'e82be7d358', time: '2018-11-14T08:17:03'
System info: host: 'DESKTOP-2VN6A15', ip: '192.168.0.102', os.name: 'Windows 10', os.arch: 'amd64', os.version: '10.0', java.version: '16.0.1'
Driver info: driver.version: ChromeDriver
remote stacktrace: Backtrace:
	Ordinal0 [0x00FAD403+2479107]
	Ordinal0 [0x00F47D51+2063697]
	Ordinal0 [0x00E520C8+1056968]
	Ordinal0 [0x00E6F7B2+1177522]
	Ordinal0 [0x00E6C139+1163577]
	Ordinal0 [0x00E69B7F+1153919]
	Ordinal0 [0x00E99CBF+1350847]
	Ordinal0 [0x00E9992A+1349930]
	Ordinal0 [0x00E9583B+1333307]
	Ordinal0 [0x00E71F94+1187732]
	Ordinal0 [0x00E72DE9+1191401]
	GetHandleVerifier [0x0112F3F6+1531734]
	GetHandleVerifier [0x011DE9AE+2249998]
	GetHandleVerifier [0x010339AB+501003]
	GetHandleVerifier [0x01032A29+497033]
	Ordinal0 [0x00F4D11D+2085149]
	Ordinal0 [0x00F511C8+2101704]
	Ordinal0 [0x00F51302+2102018]
	Ordinal0 [0x00F5AA71+2140785]
	BaseThreadInitThunk [0x760CFA29+25]
	RtlGetAppContainerNamedObjectPath [0x77BE7A9E+286]
	RtlGetAppContainerNamedObjectPath [0x77BE7A6E+238]

	at appTest.SeleniumDev.beforeTest(SeleniumDev.java:22)
]]></failure>
    <system-err><![CDATA[Starting ChromeDriver 93.0.4577.63 (ff5c0da2ec0adeaed5550e6c7e98417dac77d98a-refs/branch-heads/4577@{#1135}) on port 34589
Only local connections are allowed.
Please see https://chromedriver.chromium.org/security-considerations for suggestions on keeping ChromeDriver safe.
ChromeDriver was started successfully.
]]></system-err>
  </testcase>
  <testcase name="titleTest" classname="appTest.SeleniumDev" time="0">
    <skipped message="unknown error: DevToolsActivePort file doesn&apos;t exist&#10;Build info: version: &apos;3.141.59&apos;, revision: &apos;e82be7d358&apos;, time: &apos;2018-11-14T08:17:03&apos;&#10;System info: host: &apos;DESKTOP-2VN6A15&apos;, ip: &apos;192.168.0.102&apos;, os.name: &apos;Windows 10&apos;, os.arch: &apos;amd64&apos;, os.version: &apos;10.0&apos;, java.version: &apos;16.0.1&apos;&#10;Driver info: driver.version: ChromeDriver&#10;remote stacktrace: Backtrace:&#10;	Ordinal0 [0x00FAD403+2479107]&#10;	Ordinal0 [0x00F47D51+2063697]&#10;	Ordinal0 [0x00E520C8+1056968]&#10;	Ordinal0 [0x00E6F7B2+1177522]&#10;	Ordinal0 [0x00E6C139+1163577]&#10;	Ordinal0 [0x00E69B7F+1153919]&#10;	Ordinal0 [0x00E99CBF+1350847]&#10;	Ordinal0 [0x00E9992A+1349930]&#10;	Ordinal0 [0x00E9583B+1333307]&#10;	Ordinal0 [0x00E71F94+1187732]&#10;	Ordinal0 [0x00E72DE9+1191401]&#10;	GetHandleVerifier [0x0112F3F6+1531734]&#10;	GetHandleVerifier [0x011DE9AE+2249998]&#10;	GetHandleVerifier [0x010339AB+501003]&#10;	GetHandleVerifier [0x01032A29+497033]&#10;	Ordinal0 [0x00F4D11D+2085149]&#10;	Ordinal0 [0x00F511C8+2101704]&#10;	Ordinal0 [0x00F51302+2102018]&#10;	Ordinal0 [0x00F5AA71+2140785]&#10;	BaseThreadInitThunk [0x760CFA29+25]&#10;	RtlGetAppContainerNamedObjectPath [0x77BE7A9E+286]&#10;	RtlGetAppContainerNamedObjectPath [0x77BE7A6E+238]&#10;"/>
  </testcase>
  <testcase name="afterTest" classname="appTest.SeleniumDev" time="0">
    <skipped/>
  </testcase>
</testsuite>